<?xml version="1.0" encoding="UTF-8"?>
<!-- Generated by org.testng.reporters.JUnitReportReporter -->
<testsuite hostname="DESKTOP-S0OT7OH" failures="0" tests="3" name="practice.DataProviderTest" time="0.028" errors="0" timestamp="2023-06-08T11:40:51 IST" skipped="0">
  <testcase classname="practice.DataProviderTest" name="bookTicket" time="0.009"/>
  <system-out/>
  <testcase classname="practice.DataProviderTest" name="bookTicket" time="0.015"/>
  <system-out/>
  <testcase classname="practice.DataProviderTest" name="bookTicket" time="0.004"/>
  <system-out/>
</testsuite> <!-- practice.DataProviderTest -->
