<?xml version="1.0" encoding="UTF-8"?>
<!-- Generated by org.testng.reporters.JUnitReportReporter -->
<testsuite hostname="DESKTOP-S0OT7OH" failures="0" tests="1" name="practice.SampleTest" time="97.970" errors="0" timestamp="2023-06-08T12:08:49 IST" skipped="0">
  <testcase classname="practice.SampleTest" name="m1" time="97.970"/>
  <system-out/>
</testsuite> <!-- practice.SampleTest -->
