<?xml version="1.0" encoding="UTF-8"?>
<!-- Generated by org.testng.reporters.JUnitReportReporter -->
<testsuite hostname="DESKTOP-S0OT7OH" failures="0" tests="3" name="practice.DataProviderTest" time="0.010" errors="0" timestamp="2023-06-08T12:05:49 IST" skipped="0">
  <testcase classname="practice.DataProviderTest" name="bookTicket" time="0.001"/>
  <system-out/>
  <testcase classname="practice.DataProviderTest" name="bookTicket" time="0.008"/>
  <system-out/>
  <testcase classname="practice.DataProviderTest" name="bookTicket" time="0.001"/>
  <system-out/>
</testsuite> <!-- practice.DataProviderTest -->
